#
# A fatal error has been detected by the Java Runtime Environment:
#
#  EXCEPTION_ACCESS_VIOLATION (0xc0000005) at pc=0x00007ff874d396f5, pid=29444, tid=32
#
# JRE version: Java(TM) SE Runtime Environment 18.9 (11.0.12+8) (build 11.0.12+8-LTS-237)
# Java VM: Java HotSpot(TM) 64-Bit Server VM 18.9 (11.0.12+8-LTS-237, mixed mode, tiered, compressed oops, g1 gc, windows-amd64)
# Problematic frame:
# V  [jvm.dll+0x5f96f5]
#
# No core dump will be written. Minidumps are not enabled by default on client versions of Windows
#
# If you would like to submit a bug report, please visit:
#   https://bugreport.java.com/bugreport/crash.jsp
#

---------------  S U M M A R Y ------------

Command Line: -javaagent:C:\Program Files\JetBrains\IntelliJ IDEA Community Edition 2021.2.3\lib\idea_rt.jar=49258:C:\Program Files\JetBrains\IntelliJ IDEA Community Edition 2021.2.3\bin -Dfile.encoding=UTF-8 com.testshmestservice.testshmestservice.TestshmestserviceApplication

Host: 11th Gen Intel(R) Core(TM) i9-11950H @ 2.60GHz, 16 cores, 31G,  Windows 10 , 64 bit Build 19041 (10.0.19041.1889)
Time: Wed Oct  5 19:48:16 2022 GMT Summer Time elapsed time: 16779.135002 seconds (0d 4h 39m 39s)

---------------  T H R E A D  ---------------

Current thread (0x0000021406254000):  JavaThread "C2 CompilerThread1" daemon [_thread_in_native, id=32, stack(0x0000009bed600000,0x0000009bed700000)]


Current CompileTask:
C2:16779135 7426       4       jdk.internal.org.objectweb.asm.Frame::execute (2264 bytes)

Stack: [0x0000009bed600000,0x0000009bed700000],  sp=0x0000009bed6fb050,  free space=1004k
Native frames: (J=compiled Java code, j=interpreted, Vv=VM code, C=native code)
V  [jvm.dll+0x5f96f5]
V  [jvm.dll+0x643e43]
V  [jvm.dll+0x64493e]
V  [jvm.dll+0x54c823]
V  [jvm.dll+0x54b1a0]
V  [jvm.dll+0x5497b8]
V  [jvm.dll+0x54474e]
V  [jvm.dll+0x1ff2ce]
V  [jvm.dll+0x1fc1ca]
V  [jvm.dll+0x17f18c]
V  [jvm.dll+0x20b87c]
V  [jvm.dll+0x20997b]
V  [jvm.dll+0x716359]
V  [jvm.dll+0x70f064]
V  [jvm.dll+0x616f66]
C  [ucrtbase.dll+0x21bb2]
C  [KERNEL32.dll+0x17034]
C  [ntdll.dll+0x526a1]


siginfo: EXCEPTION_ACCESS_VIOLATION (0xc0000005), writing address 0x00000000000000e5


Register to memory mapping:

RIP=0x00007ff874d396f5 jvm.dll
RAX=0x000002140637f9e8 points into unknown readable memory: 0x0000021404a11198 | 98 11 a1 04 14 02 00 00
RBX=0x0000021404d50f58 points into unknown readable memory: 0x00007ff874f569f8 | f8 69 f5 74 f8 7f 00 00
RCX=0x0000000000000158 is an unknown value
RDX=0x000002140600a9f8 points into unknown readable memory: 0x00007ff874f6c490 | 90 c4 f6 74 f8 7f 00 00
RSP=0x0000009bed6fb050 is pointing into the stack for thread: 0x0000021406254000
RBP=0x0 is NULL
RSI=0x0 is NULL
RDI=0x0000000000000003 is an unknown value
R8 =0x000002140637efe0 points into unknown readable memory: 0x00000214029db7a0 | a0 b7 9d 02 14 02 00 00
R9 =0x0000021404d51098 points into unknown readable memory: 0x000002140600a9f8 | f8 a9 00 06 14 02 00 00
R10=0x0000000000003fff is an unknown value
R11=0x00000214031ff2b8 points into unknown readable memory: 0x000002140600ab88 | 88 ab 00 06 14 02 00 00
R12=0x0000000000000003 is an unknown value
R13=0x00000214031ff301 points into unknown readable memory: 00 00 00 00 00 00 00
R14=0x000002140600a9f8 points into unknown readable memory: 0x00007ff874f6c490 | 90 c4 f6 74 f8 7f 00 00
R15=0x0000009bed6fbf88 is pointing into the stack for thread: 0x0000021406254000


Registers:
RAX=0x000002140637f9e8, RBX=0x0000021404d50f58, RCX=0x0000000000000158, RDX=0x000002140600a9f8
RSP=0x0000009bed6fb050, RBP=0x0000000000000000, RSI=0x0000000000000000, RDI=0x0000000000000003
R8 =0x000002140637efe0, R9 =0x0000021404d51098, R10=0x0000000000003fff, R11=0x00000214031ff2b8
R12=0x0000000000000003, R13=0x00000214031ff301, R14=0x000002140600a9f8, R15=0x0000009bed6fbf88
RIP=0x00007ff874d396f5, EFLAGS=0x0000000000010246

Top of Stack: (sp=0x0000009bed6fb050)
0x0000009bed6fb050:   00000214031fcfb8 00007ff874cfe5ce
0x0000009bed6fb060:   0000021402e76400 00007ff8748c494b
0x0000009bed6fb070:   0000009bed6fb5d0 00007ff874d83e43
0x0000009bed6fb080:   0000000000004000 0000000000000000
0x0000009bed6fb090:   000002140600a9f8 0000021404d50f58
0x0000009bed6fb0a0:   00000214031ff398 0000021404d50f58
0x0000009bed6fb0b0:   0000009bed6fb570 000002147facc4e8
0x0000009bed6fb0c0:   00000214031ff088 00007ff874d8493e
0x0000009bed6fb0d0:   00000214031ff088 00000214031fec48
0x0000009bed6fb0e0:   0000009bed6fb5d0 0000021404d50f58
0x0000009bed6fb0f0:   0000009bed6fb570 0000021404d50f58
0x0000009bed6fb100:   000002147facc4e8 0000009bed6fb338
0x0000009bed6fb110:   0000009bed6fb2d8 00000214031ff088
0x0000009bed6fb120:   0000009bed6fb5d0 00007ff874c8c823
0x0000009bed6fb130:   0000009bed6fb5d0 0000021404d518f8
0x0000009bed6fb140:   00000214031fec48 0000009bed6fb3b8 

Instructions: (pc=0x00007ff874d396f5)
0x00007ff874d396d5:   18 73 43 48 85 d2 74 29 4c 8b 42 10 4d 85 c0 74
0x00007ff874d396e5:   20 8b 4a 20 49 8d 04 c8 0f 1f 00 48 39 58 f8 48
0x00007ff874d396f5:   8d 40 f8 75 f6 ff c9 89 4a 20 49 8b 14 c8 48 89
0x00007ff874d39705:   10 49 89 31 48 85 f6 74 1a 48 8b d3 48 8b ce e8 


Stack slot to memory mapping:
stack at sp + 0 slots: 0x00000214031fcfb8 points into unknown readable memory: 0x00007ff874f563c0 | c0 63 f5 74 f8 7f 00 00
stack at sp + 1 slots: 0x00007ff874cfe5ce jvm.dll
stack at sp + 2 slots: 0x0000021402e76400 points into unknown readable memory: 0x0000021402e76440 | 40 64 e7 02 14 02 00 00
stack at sp + 3 slots: 0x00007ff8748c494b jvm.dll
stack at sp + 4 slots: 0x0000009bed6fb5d0 is pointing into the stack for thread: 0x0000021406254000
stack at sp + 5 slots: 0x00007ff874d83e43 jvm.dll
stack at sp + 6 slots: 0x0000000000004000 is an unknown value
stack at sp + 7 slots: 0x0 is NULL


---------------  P R O C E S S  ---------------

Threads class SMR info:
_java_thread_list=0x00000214062114c0, length=28, elements={
0x000002147fa01000, 0x000002147fa03000, 0x000002147fa85800, 0x000002147fa89800,
0x000002147fa8e000, 0x000002147fa92000, 0x000002147fa98800, 0x000002147faa8000,
0x000002147fc7c800, 0x0000021402819000, 0x0000021407ae3800, 0x00000214065f9000,
0x00000214060f2000, 0x0000021406227000, 0x000002140723d000, 0x0000021407408800,
0x0000021409be8000, 0x0000021409be9000, 0x0000021409bea000, 0x0000021404827000,
0x0000021404828000, 0x000002140482b800, 0x000002140482d000, 0x0000021404829000,
0x0000021404829800, 0x000002140482a800, 0x0000021404a86000, 0x0000021406254000
}

Java Threads: ( => current thread )
  0x000002147fa01000 JavaThread "Reference Handler" daemon [_thread_blocked, id=20132, stack(0x0000009bedf00000,0x0000009bee000000)]
  0x000002147fa03000 JavaThread "Finalizer" daemon [_thread_blocked, id=25308, stack(0x0000009bee000000,0x0000009bee100000)]
  0x000002147fa85800 JavaThread "Signal Dispatcher" daemon [_thread_blocked, id=25860, stack(0x0000009bee100000,0x0000009bee200000)]
  0x000002147fa89800 JavaThread "Attach Listener" daemon [_thread_blocked, id=9408, stack(0x0000009bee200000,0x0000009bee300000)]
  0x000002147fa8e000 JavaThread "Service Thread" daemon [_thread_blocked, id=21924, stack(0x0000009bee300000,0x0000009bee400000)]
  0x000002147fa92000 JavaThread "C2 CompilerThread0" daemon [_thread_blocked, id=12380, stack(0x0000009bee400000,0x0000009bee500000)]
  0x000002147fa98800 JavaThread "C1 CompilerThread0" daemon [_thread_blocked, id=27380, stack(0x0000009bee500000,0x0000009bee600000)]
  0x000002147faa8000 JavaThread "Sweeper thread" daemon [_thread_blocked, id=11528, stack(0x0000009bee600000,0x0000009bee700000)]
  0x000002147fc7c800 JavaThread "Common-Cleaner" daemon [_thread_blocked, id=22108, stack(0x0000009bee700000,0x0000009bee800000)]
  0x0000021402819000 JavaThread "Monitor Ctrl-Break" daemon [_thread_in_native, id=26352, stack(0x0000009bee900000,0x0000009beea00000)]
  0x0000021407ae3800 JavaThread "Catalina-utility-1" [_thread_blocked, id=28780, stack(0x0000009befc00000,0x0000009befd00000)]
  0x00000214065f9000 JavaThread "Catalina-utility-2" [_thread_blocked, id=7052, stack(0x0000009befd00000,0x0000009befe00000)]
  0x00000214060f2000 JavaThread "container-0" [_thread_blocked, id=29520, stack(0x0000009befe00000,0x0000009beff00000)]
  0x0000021406227000 JavaThread "http-nio-8082-exec-1" daemon [_thread_blocked, id=24708, stack(0x0000009beff00000,0x0000009bf0000000)]
  0x000002140723d000 JavaThread "http-nio-8082-exec-2" daemon [_thread_blocked, id=27872, stack(0x0000009bf0000000,0x0000009bf0100000)]
  0x0000021407408800 JavaThread "http-nio-8082-exec-3" daemon [_thread_blocked, id=24048, stack(0x0000009bf0100000,0x0000009bf0200000)]
  0x0000021409be8000 JavaThread "http-nio-8082-exec-4" daemon [_thread_blocked, id=26600, stack(0x0000009bf0200000,0x0000009bf0300000)]
  0x0000021409be9000 JavaThread "http-nio-8082-exec-5" daemon [_thread_blocked, id=24668, stack(0x0000009bf0300000,0x0000009bf0400000)]
  0x0000021409bea000 JavaThread "http-nio-8082-exec-6" daemon [_thread_blocked, id=26316, stack(0x0000009bf0400000,0x0000009bf0500000)]
  0x0000021404827000 JavaThread "http-nio-8082-exec-7" daemon [_thread_blocked, id=20160, stack(0x0000009bf0500000,0x0000009bf0600000)]
  0x0000021404828000 JavaThread "http-nio-8082-exec-8" daemon [_thread_in_native, id=28644, stack(0x0000009bf0600000,0x0000009bf0700000)]
  0x000002140482b800 JavaThread "http-nio-8082-exec-9" daemon [_thread_in_native, id=9200, stack(0x0000009bf0700000,0x0000009bf0800000)]
  0x000002140482d000 JavaThread "http-nio-8082-exec-10" daemon [_thread_blocked, id=21676, stack(0x0000009bf0800000,0x0000009bf0900000)]
  0x0000021404829000 JavaThread "http-nio-8082-Poller" daemon [_thread_in_native, id=29548, stack(0x0000009bf0900000,0x0000009bf0a00000)]
  0x0000021404829800 JavaThread "http-nio-8082-Acceptor" daemon [_thread_in_native, id=16388, stack(0x0000009bf0a00000,0x0000009bf0b00000)]
  0x000002140482a800 JavaThread "DestroyJavaVM" [_thread_blocked, id=4252, stack(0x0000009bed800000,0x0000009bed900000)]
  0x0000021404a86000 JavaThread "C1 CompilerThread1" daemon [_thread_blocked, id=8248, stack(0x0000009bed500000,0x0000009bed600000)]
=>0x0000021406254000 JavaThread "C2 CompilerThread1" daemon [_thread_in_native, id=32, stack(0x0000009bed600000,0x0000009bed700000)]

Other Threads:
  0x000002147f9ff800 VMThread "VM Thread" [stack: 0x0000009bede00000,0x0000009bedf00000] [id=5396]
  0x00000214027ce800 WatcherThread [stack: 0x0000009beea00000,0x0000009beeb00000] [id=28788]
  0x00000214535de000 GCTaskThread "GC Thread#0" [stack: 0x0000009bed900000,0x0000009beda00000] [id=27696]
  0x0000021402d6b800 GCTaskThread "GC Thread#1" [stack: 0x0000009beee00000,0x0000009beef00000] [id=26676]
  0x0000021402d6c800 GCTaskThread "GC Thread#2" [stack: 0x0000009beef00000,0x0000009bef000000] [id=22936]
  0x0000021402d6d000 GCTaskThread "GC Thread#3" [stack: 0x0000009bef000000,0x0000009bef100000] [id=22188]
  0x0000021402d6d800 GCTaskThread "GC Thread#4" [stack: 0x0000009bef100000,0x0000009bef200000] [id=28004]
  0x0000021402d6e800 GCTaskThread "GC Thread#5" [stack: 0x0000009bef200000,0x0000009bef300000] [id=23548]
  0x0000021402d6f000 GCTaskThread "GC Thread#6" [stack: 0x0000009bef300000,0x0000009bef400000] [id=28872]
  0x0000021402d70000 GCTaskThread "GC Thread#7" [stack: 0x0000009bef400000,0x0000009bef500000] [id=23352]
  0x0000021402879000 GCTaskThread "GC Thread#8" [stack: 0x0000009bef500000,0x0000009bef600000] [id=536]
  0x0000021402879800 GCTaskThread "GC Thread#9" [stack: 0x0000009bef600000,0x0000009bef700000] [id=22156]
  0x000002140287a000 GCTaskThread "GC Thread#10" [stack: 0x0000009bef700000,0x0000009bef800000] [id=18132]
  0x000002140287f000 GCTaskThread "GC Thread#11" [stack: 0x0000009bef800000,0x0000009bef900000] [id=20572]
  0x000002145365d000 ConcurrentGCThread "G1 Main Marker" [stack: 0x0000009beda00000,0x0000009bedb00000] [id=12412]
  0x000002145365f800 ConcurrentGCThread "G1 Conc#0" [stack: 0x0000009bedb00000,0x0000009bedc00000] [id=27868]
  0x00000214032f6800 ConcurrentGCThread "G1 Conc#1" [stack: 0x0000009befa00000,0x0000009befb00000] [id=14096]
  0x00000214031e9800 ConcurrentGCThread "G1 Conc#2" [stack: 0x0000009befb00000,0x0000009befc00000] [id=3708]
  0x000002147ee44000 ConcurrentGCThread "G1 Refine#0" [stack: 0x0000009bedc00000,0x0000009bedd00000] [id=27144]
  0x000002147ee45000 ConcurrentGCThread "G1 Young RemSet Sampling" [stack: 0x0000009bedd00000,0x0000009bede00000] [id=9736]

Threads with active compile tasks:
C2 CompilerThread116779177 7426       4       jdk.internal.org.objectweb.asm.Frame::execute (2264 bytes)

VM state:not at safepoint (normal execution)

VM Mutex/Monitor currently owned by a thread: None

Heap address: 0x0000000604600000, size: 8122 MB, Compressed Oops mode: Zero based, Oop shift amount: 3
Narrow klass base: 0x0000000800000000, Narrow klass shift: 0
Compressed class space size: 1073741824 Address: 0x0000000800000000

Heap:
 garbage-first heap   total 520192K, used 247540K [0x0000000604600000, 0x0000000800000000)
  region size 2048K, 118 young (241664K), 6 survivors (12288K)
 Metaspace       used 49267K, capacity 50659K, committed 50864K, reserved 1093632K
  class space    used 5475K, capacity 6022K, committed 6144K, reserved 1048576K
Heap Regions: E=young(eden), S=young(survivor), O=old, HS=humongous(starts), HC=humongous(continues), CS=collection set, F=free, A=archive, TAMS=top-at-mark-start (previous, next)
|   0|0x0000000604600000, 0x0000000604800000, 0x0000000604800000|100%| O|  |TAMS 0x0000000604800000, 0x0000000604600000| Untracked 
|   1|0x0000000604800000, 0x0000000604a00000, 0x0000000604a00000|100%| O|  |TAMS 0x0000000604a00000, 0x0000000604800000| Untracked 
|   2|0x0000000604a00000, 0x0000000604c00000, 0x0000000604c00000|100%| O|  |TAMS 0x0000000604c00000, 0x0000000604a00000| Untracked 
|   3|0x0000000604c00000, 0x0000000604e00000, 0x0000000604e00000|100%| O|  |TAMS 0x0000000604dd6800, 0x0000000604c00000| Untracked 
|   4|0x0000000604e00000, 0x0000000604fd3000, 0x0000000605000000| 91%| O|  |TAMS 0x0000000604e00000, 0x0000000604e00000| Untracked 
|   5|0x0000000605000000, 0x0000000605000000, 0x0000000605200000|  0%| F|  |TAMS 0x0000000605000000, 0x0000000605000000| Untracked 
|   6|0x0000000605200000, 0x0000000605200000, 0x0000000605400000|  0%| F|  |TAMS 0x0000000605200000, 0x0000000605200000| Untracked 
|   7|0x0000000605400000, 0x0000000605400000, 0x0000000605600000|  0%| F|  |TAMS 0x0000000605400000, 0x0000000605400000| Untracked 
|   8|0x0000000605600000, 0x0000000605600000, 0x0000000605800000|  0%| F|  |TAMS 0x0000000605600000, 0x0000000605600000| Untracked 
|   9|0x0000000605800000, 0x0000000605800000, 0x0000000605a00000|  0%| F|  |TAMS 0x0000000605800000, 0x0000000605800000| Untracked 
|  10|0x0000000605a00000, 0x0000000605a00000, 0x0000000605c00000|  0%| F|  |TAMS 0x0000000605a00000, 0x0000000605a00000| Untracked 
|  11|0x0000000605c00000, 0x0000000605c00000, 0x0000000605e00000|  0%| F|  |TAMS 0x0000000605c00000, 0x0000000605c00000| Untracked 
|  12|0x0000000605e00000, 0x0000000605e00000, 0x0000000606000000|  0%| F|  |TAMS 0x0000000605e00000, 0x0000000605e00000| Untracked 
|  13|0x0000000606000000, 0x0000000606000000, 0x0000000606200000|  0%| F|  |TAMS 0x0000000606000000, 0x0000000606000000| Untracked 
|  14|0x0000000606200000, 0x0000000606200000, 0x0000000606400000|  0%| F|  |TAMS 0x0000000606200000, 0x0000000606200000| Untracked 
|  15|0x0000000606400000, 0x0000000606400000, 0x0000000606600000|  0%| F|  |TAMS 0x0000000606400000, 0x0000000606400000| Untracked 
|  16|0x0000000606600000, 0x0000000606600000, 0x0000000606800000|  0%| F|  |TAMS 0x0000000606600000, 0x0000000606600000| Untracked 
|  17|0x0000000606800000, 0x0000000606800000, 0x0000000606a00000|  0%| F|  |TAMS 0x0000000606800000, 0x0000000606800000| Untracked 
|  18|0x0000000606a00000, 0x0000000606a00000, 0x0000000606c00000|  0%| F|  |TAMS 0x0000000606a00000, 0x0000000606a00000| Untracked 
|  19|0x0000000606c00000, 0x0000000606c00000, 0x0000000606e00000|  0%| F|  |TAMS 0x0000000606c00000, 0x0000000606c00000| Untracked 
|  20|0x0000000606e00000, 0x0000000606e00000, 0x0000000607000000|  0%| F|  |TAMS 0x0000000606e00000, 0x0000000606e00000| Untracked 
|  21|0x0000000607000000, 0x0000000607000000, 0x0000000607200000|  0%| F|  |TAMS 0x0000000607000000, 0x0000000607000000| Untracked 
|  22|0x0000000607200000, 0x0000000607200000, 0x0000000607400000|  0%| F|  |TAMS 0x0000000607200000, 0x0000000607200000| Untracked 
|  23|0x0000000607400000, 0x0000000607400000, 0x0000000607600000|  0%| F|  |TAMS 0x0000000607400000, 0x0000000607400000| Untracked 
|  24|0x0000000607600000, 0x0000000607600000, 0x0000000607800000|  0%| F|  |TAMS 0x0000000607600000, 0x0000000607600000| Untracked 
|  25|0x0000000607800000, 0x0000000607800000, 0x0000000607a00000|  0%| F|  |TAMS 0x0000000607800000, 0x0000000607800000| Untracked 
|  26|0x0000000607a00000, 0x0000000607a00000, 0x0000000607c00000|  0%| F|  |TAMS 0x0000000607a00000, 0x0000000607a00000| Untracked 
|  27|0x0000000607c00000, 0x0000000607c00000, 0x0000000607e00000|  0%| F|  |TAMS 0x0000000607c00000, 0x0000000607c00000| Untracked 
|  28|0x0000000607e00000, 0x0000000607e00000, 0x0000000608000000|  0%| F|  |TAMS 0x0000000607e00000, 0x0000000607e00000| Untracked 
|  29|0x0000000608000000, 0x0000000608000000, 0x0000000608200000|  0%| F|  |TAMS 0x0000000608000000, 0x0000000608000000| Untracked 
|  30|0x0000000608200000, 0x0000000608200000, 0x0000000608400000|  0%| F|  |TAMS 0x0000000608200000, 0x0000000608200000| Untracked 
|  31|0x0000000608400000, 0x0000000608400000, 0x0000000608600000|  0%| F|  |TAMS 0x0000000608400000, 0x0000000608400000| Untracked 
|  32|0x0000000608600000, 0x0000000608600000, 0x0000000608800000|  0%| F|  |TAMS 0x0000000608600000, 0x0000000608600000| Untracked 
|  33|0x0000000608800000, 0x0000000608800000, 0x0000000608a00000|  0%| F|  |TAMS 0x0000000608800000, 0x0000000608800000| Untracked 
|  34|0x0000000608a00000, 0x0000000608a00000, 0x0000000608c00000|  0%| F|  |TAMS 0x0000000608a00000, 0x0000000608a00000| Untracked 
|  35|0x0000000608c00000, 0x0000000608c00000, 0x0000000608e00000|  0%| F|  |TAMS 0x0000000608c00000, 0x0000000608c00000| Untracked 
|  36|0x0000000608e00000, 0x0000000608e00000, 0x0000000609000000|  0%| F|  |TAMS 0x0000000608e00000, 0x0000000608e00000| Untracked 
|  37|0x0000000609000000, 0x0000000609000000, 0x0000000609200000|  0%| F|  |TAMS 0x0000000609000000, 0x0000000609000000| Untracked 
|  38|0x0000000609200000, 0x0000000609200000, 0x0000000609400000|  0%| F|  |TAMS 0x0000000609200000, 0x0000000609200000| Untracked 
|  39|0x0000000609400000, 0x0000000609400000, 0x0000000609600000|  0%| F|  |TAMS 0x0000000609400000, 0x0000000609400000| Untracked 
|  40|0x0000000609600000, 0x0000000609600000, 0x0000000609800000|  0%| F|  |TAMS 0x0000000609600000, 0x0000000609600000| Untracked 
|  41|0x0000000609800000, 0x0000000609800000, 0x0000000609a00000|  0%| F|  |TAMS 0x0000000609800000, 0x0000000609800000| Untracked 
|  42|0x0000000609a00000, 0x0000000609a00000, 0x0000000609c00000|  0%| F|  |TAMS 0x0000000609a00000, 0x0000000609a00000| Untracked 
|  43|0x0000000609c00000, 0x0000000609c00000, 0x0000000609e00000|  0%| F|  |TAMS 0x0000000609c00000, 0x0000000609c00000| Untracked 
|  44|0x0000000609e00000, 0x0000000609e00000, 0x000000060a000000|  0%| F|  |TAMS 0x0000000609e00000, 0x0000000609e00000| Untracked 
|  45|0x000000060a000000, 0x000000060a000000, 0x000000060a200000|  0%| F|  |TAMS 0x000000060a000000, 0x000000060a000000| Untracked 
|  46|0x000000060a200000, 0x000000060a200000, 0x000000060a400000|  0%| F|  |TAMS 0x000000060a200000, 0x000000060a200000| Untracked 
|  47|0x000000060a400000, 0x000000060a400000, 0x000000060a600000|  0%| F|  |TAMS 0x000000060a400000, 0x000000060a400000| Untracked 
|  48|0x000000060a600000, 0x000000060a600000, 0x000000060a800000|  0%| F|  |TAMS 0x000000060a600000, 0x000000060a600000| Untracked 
|  49|0x000000060a800000, 0x000000060a800000, 0x000000060aa00000|  0%| F|  |TAMS 0x000000060a800000, 0x000000060a800000| Untracked 
|  50|0x000000060aa00000, 0x000000060aa00000, 0x000000060ac00000|  0%| F|  |TAMS 0x000000060aa00000, 0x000000060aa00000| Untracked 
|  51|0x000000060ac00000, 0x000000060ac00000, 0x000000060ae00000|  0%| F|  |TAMS 0x000000060ac00000, 0x000000060ac00000| Untracked 
|  52|0x000000060ae00000, 0x000000060ae00000, 0x000000060b000000|  0%| F|  |TAMS 0x000000060ae00000, 0x000000060ae00000| Untracked 
|  53|0x000000060b000000, 0x000000060b000000, 0x000000060b200000|  0%| F|  |TAMS 0x000000060b000000, 0x000000060b000000| Untracked 
|  54|0x000000060b200000, 0x000000060b200000, 0x000000060b400000|  0%| F|  |TAMS 0x000000060b200000, 0x000000060b200000| Untracked 
|  55|0x000000060b400000, 0x000000060b400000, 0x000000060b600000|  0%| F|  |TAMS 0x000000060b400000, 0x000000060b400000| Untracked 
|  56|0x000000060b600000, 0x000000060b600000, 0x000000060b800000|  0%| F|  |TAMS 0x000000060b600000, 0x000000060b600000| Untracked 
|  57|0x000000060b800000, 0x000000060b800000, 0x000000060ba00000|  0%| F|  |TAMS 0x000000060b800000, 0x000000060b800000| Untracked 
|  58|0x000000060ba00000, 0x000000060ba00000, 0x000000060bc00000|  0%| F|  |TAMS 0x000000060ba00000, 0x000000060ba00000| Untracked 
|  59|0x000000060bc00000, 0x000000060bc00000, 0x000000060be00000|  0%| F|  |TAMS 0x000000060bc00000, 0x000000060bc00000| Untracked 
|  60|0x000000060be00000, 0x000000060be00000, 0x000000060c000000|  0%| F|  |TAMS 0x000000060be00000, 0x000000060be00000| Untracked 
|  61|0x000000060c000000, 0x000000060c000000, 0x000000060c200000|  0%| F|  |TAMS 0x000000060c000000, 0x000000060c000000| Untracked 
|  62|0x000000060c200000, 0x000000060c200000, 0x000000060c400000|  0%| F|  |TAMS 0x000000060c200000, 0x000000060c200000| Untracked 
|  63|0x000000060c400000, 0x000000060c400000, 0x000000060c600000|  0%| F|  |TAMS 0x000000060c400000, 0x000000060c400000| Untracked 
|  64|0x000000060c600000, 0x000000060c600000, 0x000000060c800000|  0%| F|  |TAMS 0x000000060c600000, 0x000000060c600000| Untracked 
|  65|0x000000060c800000, 0x000000060c800000, 0x000000060ca00000|  0%| F|  |TAMS 0x000000060c800000, 0x000000060c800000| Untracked 
|  66|0x000000060ca00000, 0x000000060ca00000, 0x000000060cc00000|  0%| F|  |TAMS 0x000000060ca00000, 0x000000060ca00000| Untracked 
|  67|0x000000060cc00000, 0x000000060cc00000, 0x000000060ce00000|  0%| F|  |TAMS 0x000000060cc00000, 0x000000060cc00000| Untracked 
|  68|0x000000060ce00000, 0x000000060ce00000, 0x000000060d000000|  0%| F|  |TAMS 0x000000060ce00000, 0x000000060ce00000| Untracked 
|  69|0x000000060d000000, 0x000000060d000000, 0x000000060d200000|  0%| F|  |TAMS 0x000000060d000000, 0x000000060d000000| Untracked 
|  70|0x000000060d200000, 0x000000060d200000, 0x000000060d400000|  0%| F|  |TAMS 0x000000060d200000, 0x000000060d200000| Untracked 
|  71|0x000000060d400000, 0x000000060d400000, 0x000000060d600000|  0%| F|  |TAMS 0x000000060d400000, 0x000000060d400000| Untracked 
|  72|0x000000060d600000, 0x000000060d600000, 0x000000060d800000|  0%| F|  |TAMS 0x000000060d600000, 0x000000060d600000| Untracked 
|  73|0x000000060d800000, 0x000000060d800000, 0x000000060da00000|  0%| F|  |TAMS 0x000000060d800000, 0x000000060d800000| Untracked 
|  74|0x000000060da00000, 0x000000060da00000, 0x000000060dc00000|  0%| F|  |TAMS 0x000000060da00000, 0x000000060da00000| Untracked 
|  75|0x000000060dc00000, 0x000000060dc00000, 0x000000060de00000|  0%| F|  |TAMS 0x000000060dc00000, 0x000000060dc00000| Untracked 
|  76|0x000000060de00000, 0x000000060de00000, 0x000000060e000000|  0%| F|  |TAMS 0x000000060de00000, 0x000000060de00000| Untracked 
|  77|0x000000060e000000, 0x000000060e000000, 0x000000060e200000|  0%| F|  |TAMS 0x000000060e000000, 0x000000060e000000| Untracked 
|  78|0x000000060e200000, 0x000000060e200000, 0x000000060e400000|  0%| F|  |TAMS 0x000000060e200000, 0x000000060e200000| Untracked 
|  79|0x000000060e400000, 0x000000060e400000, 0x000000060e600000|  0%| F|  |TAMS 0x000000060e400000, 0x000000060e400000| Untracked 
|  80|0x000000060e600000, 0x000000060e600000, 0x000000060e800000|  0%| F|  |TAMS 0x000000060e600000, 0x000000060e600000| Untracked 
|  81|0x000000060e800000, 0x000000060e800000, 0x000000060ea00000|  0%| F|  |TAMS 0x000000060e800000, 0x000000060e800000| Untracked 
|  82|0x000000060ea00000, 0x000000060ea00000, 0x000000060ec00000|  0%| F|  |TAMS 0x000000060ea00000, 0x000000060ea00000| Untracked 
|  83|0x000000060ec00000, 0x000000060ec00000, 0x000000060ee00000|  0%| F|  |TAMS 0x000000060ec00000, 0x000000060ec00000| Untracked 
|  84|0x000000060ee00000, 0x000000060ee00000, 0x000000060f000000|  0%| F|  |TAMS 0x000000060ee00000, 0x000000060ee00000| Untracked 
|  85|0x000000060f000000, 0x000000060f000000, 0x000000060f200000|  0%| F|  |TAMS 0x000000060f000000, 0x000000060f000000| Untracked 
|  86|0x000000060f200000, 0x000000060f200000, 0x000000060f400000|  0%| F|  |TAMS 0x000000060f200000, 0x000000060f200000| Untracked 
|  87|0x000000060f400000, 0x000000060f400000, 0x000000060f600000|  0%| F|  |TAMS 0x000000060f400000, 0x000000060f400000| Untracked 
|  88|0x000000060f600000, 0x000000060f600000, 0x000000060f800000|  0%| F|  |TAMS 0x000000060f600000, 0x000000060f600000| Untracked 
|  89|0x000000060f800000, 0x000000060f800000, 0x000000060fa00000|  0%| F|  |TAMS 0x000000060f800000, 0x000000060f800000| Untracked 
|  90|0x000000060fa00000, 0x000000060fa00000, 0x000000060fc00000|  0%| F|  |TAMS 0x000000060fa00000, 0x000000060fa00000| Untracked 
|  91|0x000000060fc00000, 0x000000060fc00000, 0x000000060fe00000|  0%| F|  |TAMS 0x000000060fc00000, 0x000000060fc00000| Untracked 
|  92|0x000000060fe00000, 0x000000060fe00000, 0x0000000610000000|  0%| F|  |TAMS 0x000000060fe00000, 0x000000060fe00000| Untracked 
|  93|0x0000000610000000, 0x0000000610000000, 0x0000000610200000|  0%| F|  |TAMS 0x0000000610000000, 0x0000000610000000| Untracked 
|  94|0x0000000610200000, 0x0000000610200000, 0x0000000610400000|  0%| F|  |TAMS 0x0000000610200000, 0x0000000610200000| Untracked 
|  95|0x0000000610400000, 0x0000000610400000, 0x0000000610600000|  0%| F|  |TAMS 0x0000000610400000, 0x0000000610400000| Untracked 
|  96|0x0000000610600000, 0x0000000610600000, 0x0000000610800000|  0%| F|  |TAMS 0x0000000610600000, 0x0000000610600000| Untracked 
|  97|0x0000000610800000, 0x0000000610800000, 0x0000000610a00000|  0%| F|  |TAMS 0x0000000610800000, 0x0000000610800000| Untracked 
|  98|0x0000000610a00000, 0x0000000610a00000, 0x0000000610c00000|  0%| F|  |TAMS 0x0000000610a00000, 0x0000000610a00000| Untracked 
|  99|0x0000000610c00000, 0x0000000610c00000, 0x0000000610e00000|  0%| F|  |TAMS 0x0000000610c00000, 0x0000000610c00000| Untracked 
| 100|0x0000000610e00000, 0x0000000610e00000, 0x0000000611000000|  0%| F|  |TAMS 0x0000000610e00000, 0x0000000610e00000| Untracked 
| 101|0x0000000611000000, 0x0000000611000000, 0x0000000611200000|  0%| F|  |TAMS 0x0000000611000000, 0x0000000611000000| Untracked 
| 102|0x0000000611200000, 0x0000000611200000, 0x0000000611400000|  0%| F|  |TAMS 0x0000000611200000, 0x0000000611200000| Untracked 
| 103|0x0000000611400000, 0x0000000611400000, 0x0000000611600000|  0%| F|  |TAMS 0x0000000611400000, 0x0000000611400000| Untracked 
| 104|0x0000000611600000, 0x0000000611600000, 0x0000000611800000|  0%| F|  |TAMS 0x0000000611600000, 0x0000000611600000| Untracked 
| 105|0x0000000611800000, 0x0000000611800000, 0x0000000611a00000|  0%| F|  |TAMS 0x0000000611800000, 0x0000000611800000| Untracked 
| 106|0x0000000611a00000, 0x0000000611a00000, 0x0000000611c00000|  0%| F|  |TAMS 0x0000000611a00000, 0x0000000611a00000| Untracked 
| 107|0x0000000611c00000, 0x0000000611c00000, 0x0000000611e00000|  0%| F|  |TAMS 0x0000000611c00000, 0x0000000611c00000| Untracked 
| 108|0x0000000611e00000, 0x0000000611e00000, 0x0000000612000000|  0%| F|  |TAMS 0x0000000611e00000, 0x0000000611e00000| Untracked 
| 109|0x0000000612000000, 0x0000000612000000, 0x0000000612200000|  0%| F|  |TAMS 0x0000000612000000, 0x0000000612000000| Untracked 
| 110|0x0000000612200000, 0x0000000612200000, 0x0000000612400000|  0%| F|  |TAMS 0x0000000612200000, 0x0000000612200000| Untracked 
| 111|0x0000000612400000, 0x0000000612400000, 0x0000000612600000|  0%| F|  |TAMS 0x0000000612400000, 0x0000000612400000| Untracked 
| 112|0x0000000612600000, 0x0000000612600000, 0x0000000612800000|  0%| F|  |TAMS 0x0000000612600000, 0x0000000612600000| Untracked 
| 113|0x0000000612800000, 0x0000000612800000, 0x0000000612a00000|  0%| F|  |TAMS 0x0000000612800000, 0x0000000612800000| Untracked 
| 114|0x0000000612a00000, 0x0000000612a00000, 0x0000000612c00000|  0%| F|  |TAMS 0x0000000612a00000, 0x0000000612a00000| Untracked 
| 115|0x0000000612c00000, 0x0000000612c00000, 0x0000000612e00000|  0%| F|  |TAMS 0x0000000612c00000, 0x0000000612c00000| Untracked 
| 116|0x0000000612e00000, 0x0000000612e00000, 0x0000000613000000|  0%| F|  |TAMS 0x0000000612e00000, 0x0000000612e00000| Untracked 
| 117|0x0000000613000000, 0x0000000613000000, 0x0000000613200000|  0%| F|  |TAMS 0x0000000613000000, 0x0000000613000000| Untracked 
| 118|0x0000000613200000, 0x0000000613200000, 0x0000000613400000|  0%| F|  |TAMS 0x0000000613200000, 0x0000000613200000| Untracked 
| 119|0x0000000613400000, 0x0000000613400000, 0x0000000613600000|  0%| F|  |TAMS 0x0000000613400000, 0x0000000613400000| Untracked 
| 120|0x0000000613600000, 0x0000000613600000, 0x0000000613800000|  0%| F|  |TAMS 0x0000000613600000, 0x0000000613600000| Untracked 
| 121|0x0000000613800000, 0x0000000613800000, 0x0000000613a00000|  0%| F|  |TAMS 0x0000000613800000, 0x0000000613800000| Untracked 
| 122|0x0000000613a00000, 0x0000000613a00000, 0x0000000613c00000|  0%| F|  |TAMS 0x0000000613a00000, 0x0000000613a00000| Untracked 
| 123|0x0000000613c00000, 0x0000000613c00000, 0x0000000613e00000|  0%| F|  |TAMS 0x0000000613c00000, 0x0000000613c00000| Untracked 
| 124|0x0000000613e00000, 0x0000000613e00000, 0x0000000614000000|  0%| F|  |TAMS 0x0000000613e00000, 0x0000000613e00000| Untracked 
| 125|0x0000000614000000, 0x0000000614000000, 0x0000000614200000|  0%| F|  |TAMS 0x0000000614000000, 0x0000000614000000| Untracked 
| 126|0x0000000614200000, 0x0000000614200000, 0x0000000614400000|  0%| F|  |TAMS 0x0000000614200000, 0x0000000614200000| Untracked 
| 127|0x0000000614400000, 0x0000000614400000, 0x0000000614600000|  0%| F|  |TAMS 0x0000000614400000, 0x0000000614400000| Untracked 
| 128|0x0000000614600000, 0x0000000614600000, 0x0000000614800000|  0%| F|  |TAMS 0x0000000614600000, 0x0000000614600000| Untracked 
| 129|0x0000000614800000, 0x0000000614800000, 0x0000000614a00000|  0%| F|  |TAMS 0x0000000614800000, 0x0000000614800000| Untracked 
| 130|0x0000000614a00000, 0x0000000614a00000, 0x0000000614c00000|  0%| F|  |TAMS 0x0000000614a00000, 0x0000000614a00000| Untracked 
| 131|0x0000000614c00000, 0x0000000614c00000, 0x0000000614e00000|  0%| F|  |TAMS 0x0000000614c00000, 0x0000000614c00000| Untracked 
| 132|0x0000000614e00000, 0x0000000614e00000, 0x0000000615000000|  0%| F|  |TAMS 0x0000000614e00000, 0x0000000614e00000| Untracked 
| 133|0x0000000615000000, 0x0000000615000000, 0x0000000615200000|  0%| F|  |TAMS 0x0000000615000000, 0x0000000615000000| Untracked 
| 134|0x0000000615200000, 0x0000000615200000, 0x0000000615400000|  0%| F|  |TAMS 0x0000000615200000, 0x0000000615200000| Untracked 
| 135|0x0000000615400000, 0x0000000615400000, 0x0000000615600000|  0%| F|  |TAMS 0x0000000615400000, 0x0000000615400000| Untracked 
| 136|0x0000000615600000, 0x0000000615715ef0, 0x0000000615800000| 54%| E|  |TAMS 0x0000000615600000, 0x0000000615600000| Complete 
| 137|0x0000000615800000, 0x0000000615a00000, 0x0000000615a00000|100%| E|CS|TAMS 0x0000000615800000, 0x0000000615800000| Complete 
| 138|0x0000000615a00000, 0x0000000615c00000, 0x0000000615c00000|100%| E|CS|TAMS 0x0000000615a00000, 0x0000000615a00000| Complete 
| 139|0x0000000615c00000, 0x0000000615e00000, 0x0000000615e00000|100%| E|CS|TAMS 0x0000000615c00000, 0x0000000615c00000| Complete 
| 140|0x0000000615e00000, 0x0000000616000000, 0x0000000616000000|100%| E|CS|TAMS 0x0000000615e00000, 0x0000000615e00000| Complete 
| 141|0x0000000616000000, 0x0000000616200000, 0x0000000616200000|100%| E|CS|TAMS 0x0000000616000000, 0x0000000616000000| Complete 
| 142|0x0000000616200000, 0x0000000616400000, 0x0000000616400000|100%| E|CS|TAMS 0x0000000616200000, 0x0000000616200000| Complete 
| 143|0x0000000616400000, 0x0000000616600000, 0x0000000616600000|100%| E|  |TAMS 0x0000000616400000, 0x0000000616400000| Complete 
| 144|0x0000000616600000, 0x0000000616800000, 0x0000000616800000|100%| E|CS|TAMS 0x0000000616600000, 0x0000000616600000| Complete 
| 145|0x0000000616800000, 0x0000000616a00000, 0x0000000616a00000|100%| E|CS|TAMS 0x0000000616800000, 0x0000000616800000| Complete 
| 146|0x0000000616a00000, 0x0000000616c00000, 0x0000000616c00000|100%| E|CS|TAMS 0x0000000616a00000, 0x0000000616a00000| Complete 
| 147|0x0000000616c00000, 0x0000000616e00000, 0x0000000616e00000|100%| E|CS|TAMS 0x0000000616c00000, 0x0000000616c00000| Complete 
| 148|0x0000000616e00000, 0x0000000617000000, 0x0000000617000000|100%| E|CS|TAMS 0x0000000616e00000, 0x0000000616e00000| Complete 
| 149|0x0000000617000000, 0x0000000617200000, 0x0000000617200000|100%| E|CS|TAMS 0x0000000617000000, 0x0000000617000000| Complete 
| 150|0x0000000617200000, 0x0000000617400000, 0x0000000617400000|100%| E|CS|TAMS 0x0000000617200000, 0x0000000617200000| Complete 
| 151|0x0000000617400000, 0x0000000617600000, 0x0000000617600000|100%| E|CS|TAMS 0x0000000617400000, 0x0000000617400000| Complete 
| 152|0x0000000617600000, 0x0000000617800000, 0x0000000617800000|100%| E|CS|TAMS 0x0000000617600000, 0x0000000617600000| Complete 
| 153|0x0000000617800000, 0x0000000617a00000, 0x0000000617a00000|100%| E|CS|TAMS 0x0000000617800000, 0x0000000617800000| Complete 
| 154|0x0000000617a00000, 0x0000000617c00000, 0x0000000617c00000|100%| E|CS|TAMS 0x0000000617a00000, 0x0000000617a00000| Complete 
| 155|0x0000000617c00000, 0x0000000617e00000, 0x0000000617e00000|100%| E|CS|TAMS 0x0000000617c00000, 0x0000000617c00000| Complete 
| 156|0x0000000617e00000, 0x0000000618000000, 0x0000000618000000|100%| E|CS|TAMS 0x0000000617e00000, 0x0000000617e00000| Complete 
| 157|0x0000000618000000, 0x0000000618200000, 0x0000000618200000|100%| E|CS|TAMS 0x0000000618000000, 0x0000000618000000| Complete 
| 158|0x0000000618200000, 0x0000000618400000, 0x0000000618400000|100%| E|CS|TAMS 0x0000000618200000, 0x0000000618200000| Complete 
| 159|0x0000000618400000, 0x0000000618600000, 0x0000000618600000|100%| E|CS|TAMS 0x0000000618400000, 0x0000000618400000| Complete 
| 160|0x0000000618600000, 0x0000000618800000, 0x0000000618800000|100%| E|CS|TAMS 0x0000000618600000, 0x0000000618600000| Complete 
| 161|0x0000000618800000, 0x0000000618a00000, 0x0000000618a00000|100%| E|CS|TAMS 0x0000000618800000, 0x0000000618800000| Complete 
| 162|0x0000000618a00000, 0x0000000618c00000, 0x0000000618c00000|100%| E|CS|TAMS 0x0000000618a00000, 0x0000000618a00000| Complete 
| 163|0x0000000618c00000, 0x0000000618e00000, 0x0000000618e00000|100%| E|CS|TAMS 0x0000000618c00000, 0x0000000618c00000| Complete 
| 164|0x0000000618e00000, 0x0000000619000000, 0x0000000619000000|100%| E|CS|TAMS 0x0000000618e00000, 0x0000000618e00000| Complete 
| 165|0x0000000619000000, 0x00000006191ea200, 0x0000000619200000| 95%| S|CS|TAMS 0x0000000619000000, 0x0000000619000000| Complete 
| 166|0x0000000619200000, 0x0000000619400000, 0x0000000619400000|100%| S|CS|TAMS 0x0000000619200000, 0x0000000619200000| Complete 
| 167|0x0000000619400000, 0x0000000619600000, 0x0000000619600000|100%| S|CS|TAMS 0x0000000619400000, 0x0000000619400000| Complete 
| 168|0x0000000619600000, 0x0000000619800000, 0x0000000619800000|100%| S|CS|TAMS 0x0000000619600000, 0x0000000619600000| Complete 
| 169|0x0000000619800000, 0x0000000619a00000, 0x0000000619a00000|100%| S|CS|TAMS 0x0000000619800000, 0x0000000619800000| Complete 
| 170|0x0000000619a00000, 0x0000000619c00000, 0x0000000619c00000|100%| S|CS|TAMS 0x0000000619a00000, 0x0000000619a00000| Complete 
| 171|0x0000000619c00000, 0x0000000619e00000, 0x0000000619e00000|100%| E|CS|TAMS 0x0000000619c00000, 0x0000000619c00000| Complete 
| 172|0x0000000619e00000, 0x000000061a000000, 0x000000061a000000|100%| E|CS|TAMS 0x0000000619e00000, 0x0000000619e00000| Complete 
| 173|0x000000061a000000, 0x000000061a200000, 0x000000061a200000|100%| E|CS|TAMS 0x000000061a000000, 0x000000061a000000| Complete 
| 174|0x000000061a200000, 0x000000061a400000, 0x000000061a400000|100%| E|CS|TAMS 0x000000061a200000, 0x000000061a200000| Complete 
| 175|0x000000061a400000, 0x000000061a600000, 0x000000061a600000|100%| E|CS|TAMS 0x000000061a400000, 0x000000061a400000| Complete 
| 176|0x000000061a600000, 0x000000061a800000, 0x000000061a800000|100%| E|CS|TAMS 0x000000061a600000, 0x000000061a600000| Complete 
| 177|0x000000061a800000, 0x000000061aa00000, 0x000000061aa00000|100%| E|CS|TAMS 0x000000061a800000, 0x000000061a800000| Complete 
| 178|0x000000061aa00000, 0x000000061ac00000, 0x000000061ac00000|100%| E|CS|TAMS 0x000000061aa00000, 0x000000061aa00000| Complete 
| 179|0x000000061ac00000, 0x000000061ae00000, 0x000000061ae00000|100%| E|CS|TAMS 0x000000061ac00000, 0x000000061ac00000| Complete 
| 180|0x000000061ae00000, 0x000000061b000000, 0x000000061b000000|100%| E|CS|TAMS 0x000000061ae00000, 0x000000061ae00000| Complete 
| 181|0x000000061b000000, 0x000000061b200000, 0x000000061b200000|100%| E|CS|TAMS 0x000000061b000000, 0x000000061b000000| Complete 
| 182|0x000000061b200000, 0x000000061b400000, 0x000000061b400000|100%| E|CS|TAMS 0x000000061b200000, 0x000000061b200000| Complete 
| 183|0x000000061b400000, 0x000000061b600000, 0x000000061b600000|100%| E|CS|TAMS 0x000000061b400000, 0x000000061b400000| Complete 
| 184|0x000000061b600000, 0x000000061b800000, 0x000000061b800000|100%| E|CS|TAMS 0x000000061b600000, 0x000000061b600000| Complete 
| 185|0x000000061b800000, 0x000000061ba00000, 0x000000061ba00000|100%| E|CS|TAMS 0x000000061b800000, 0x000000061b800000| Complete 
| 186|0x000000061ba00000, 0x000000061bc00000, 0x000000061bc00000|100%| E|CS|TAMS 0x000000061ba00000, 0x000000061ba00000| Complete 
| 187|0x000000061bc00000, 0x000000061be00000, 0x000000061be00000|100%| E|CS|TAMS 0x000000061bc00000, 0x000000061bc00000| Complete 
| 188|0x000000061be00000, 0x000000061c000000, 0x000000061c000000|100%| E|CS|TAMS 0x000000061be00000, 0x000000061be00000| Complete 
| 189|0x000000061c000000, 0x000000061c200000, 0x000000061c200000|100%| E|CS|TAMS 0x000000061c000000, 0x000000061c000000| Complete 
| 190|0x000000061c200000, 0x000000061c400000, 0x000000061c400000|100%| E|CS|TAMS 0x000000061c200000, 0x000000061c200000| Complete 
| 191|0x000000061c400000, 0x000000061c600000, 0x000000061c600000|100%| E|CS|TAMS 0x000000061c400000, 0x000000061c400000| Complete 
| 192|0x000000061c600000, 0x000000061c800000, 0x000000061c800000|100%| E|CS|TAMS 0x000000061c600000, 0x000000061c600000| Complete 
| 193|0x000000061c800000, 0x000000061ca00000, 0x000000061ca00000|100%| E|CS|TAMS 0x000000061c800000, 0x000000061c800000| Complete 
| 194|0x000000061ca00000, 0x000000061cc00000, 0x000000061cc00000|100%| E|CS|TAMS 0x000000061ca00000, 0x000000061ca00000| Complete 
| 195|0x000000061cc00000, 0x000000061ce00000, 0x000000061ce00000|100%| E|CS|TAMS 0x000000061cc00000, 0x000000061cc00000| Complete 
| 196|0x000000061ce00000, 0x000000061d000000, 0x000000061d000000|100%| E|CS|TAMS 0x000000061ce00000, 0x000000061ce00000| Complete 
| 197|0x000000061d000000, 0x000000061d200000, 0x000000061d200000|100%| E|CS|TAMS 0x000000061d000000, 0x000000061d000000| Complete 
| 198|0x000000061d200000, 0x000000061d400000, 0x000000061d400000|100%| E|CS|TAMS 0x000000061d200000, 0x000000061d200000| Complete 
| 199|0x000000061d400000, 0x000000061d600000, 0x000000061d600000|100%| E|CS|TAMS 0x000000061d400000, 0x000000061d400000| Complete 
| 200|0x000000061d600000, 0x000000061d800000, 0x000000061d800000|100%| E|CS|TAMS 0x000000061d600000, 0x000000061d600000| Complete 
| 201|0x000000061d800000, 0x000000061da00000, 0x000000061da00000|100%| E|CS|TAMS 0x000000061d800000, 0x000000061d800000| Complete 
| 202|0x000000061da00000, 0x000000061dc00000, 0x000000061dc00000|100%| E|CS|TAMS 0x000000061da00000, 0x000000061da00000| Complete 
| 203|0x000000061dc00000, 0x000000061de00000, 0x000000061de00000|100%| E|CS|TAMS 0x000000061dc00000, 0x000000061dc00000| Complete 
| 204|0x000000061de00000, 0x000000061e000000, 0x000000061e000000|100%| E|CS|TAMS 0x000000061de00000, 0x000000061de00000| Complete 
| 205|0x000000061e000000, 0x000000061e200000, 0x000000061e200000|100%| E|CS|TAMS 0x000000061e000000, 0x000000061e000000| Complete 
| 206|0x000000061e200000, 0x000000061e400000, 0x000000061e400000|100%| E|CS|TAMS 0x000000061e200000, 0x000000061e200000| Complete 
| 207|0x000000061e400000, 0x000000061e600000, 0x000000061e600000|100%| E|CS|TAMS 0x000000061e400000, 0x000000061e400000| Complete 
| 208|0x000000061e600000, 0x000000061e800000, 0x000000061e800000|100%| E|CS|TAMS 0x000000061e600000, 0x000000061e600000| Complete 
| 209|0x000000061e800000, 0x000000061ea00000, 0x000000061ea00000|100%| E|CS|TAMS 0x000000061e800000, 0x000000061e800000| Complete 
| 210|0x000000061ea00000, 0x000000061ec00000, 0x000000061ec00000|100%| E|CS|TAMS 0x000000061ea00000, 0x000000061ea00000| Complete 
| 211|0x000000061ec00000, 0x000000061ee00000, 0x000000061ee00000|100%| E|CS|TAMS 0x000000061ec00000, 0x000000061ec00000| Complete 
| 212|0x000000061ee00000, 0x000000061f000000, 0x000000061f000000|100%| E|CS|TAMS 0x000000061ee00000, 0x000000061ee00000| Complete 
| 213|0x000000061f000000, 0x000000061f200000, 0x000000061f200000|100%| E|CS|TAMS 0x000000061f000000, 0x000000061f000000| Complete 
| 214|0x000000061f200000, 0x000000061f400000, 0x000000061f400000|100%| E|CS|TAMS 0x000000061f200000, 0x000000061f200000| Complete 
| 215|0x000000061f400000, 0x000000061f600000, 0x000000061f600000|100%| E|CS|TAMS 0x000000061f400000, 0x000000061f400000| Complete 
| 216|0x000000061f600000, 0x000000061f800000, 0x000000061f800000|100%| E|CS|TAMS 0x000000061f600000, 0x000000061f600000| Complete 
| 217|0x000000061f800000, 0x000000061fa00000, 0x000000061fa00000|100%| E|CS|TAMS 0x000000061f800000, 0x000000061f800000| Complete 
| 218|0x000000061fa00000, 0x000000061fc00000, 0x000000061fc00000|100%| E|CS|TAMS 0x000000061fa00000, 0x000000061fa00000| Complete 
| 219|0x000000061fc00000, 0x000000061fe00000, 0x000000061fe00000|100%| E|CS|TAMS 0x000000061fc00000, 0x000000061fc00000| Complete 
| 220|0x000000061fe00000, 0x0000000620000000, 0x0000000620000000|100%| E|CS|TAMS 0x000000061fe00000, 0x000000061fe00000| Complete 
| 221|0x0000000620000000, 0x0000000620200000, 0x0000000620200000|100%| E|CS|TAMS 0x0000000620000000, 0x0000000620000000| Complete 
| 222|0x0000000620200000, 0x0000000620400000, 0x0000000620400000|100%| E|CS|TAMS 0x0000000620200000, 0x0000000620200000| Complete 
| 223|0x0000000620400000, 0x0000000620600000, 0x0000000620600000|100%| E|CS|TAMS 0x0000000620400000, 0x0000000620400000| Complete 
| 224|0x0000000620600000, 0x0000000620800000, 0x0000000620800000|100%| E|CS|TAMS 0x0000000620600000, 0x0000000620600000| Complete 
| 225|0x0000000620800000, 0x0000000620a00000, 0x0000000620a00000|100%| E|CS|TAMS 0x0000000620800000, 0x0000000620800000| Complete 
| 226|0x0000000620a00000, 0x0000000620c00000, 0x0000000620c00000|100%| E|CS|TAMS 0x0000000620a00000, 0x0000000620a00000| Complete 
| 227|0x0000000620c00000, 0x0000000620e00000, 0x0000000620e00000|100%| E|CS|TAMS 0x0000000620c00000, 0x0000000620c00000| Complete 
| 228|0x0000000620e00000, 0x0000000621000000, 0x0000000621000000|100%| E|CS|TAMS 0x0000000620e00000, 0x0000000620e00000| Complete 
| 229|0x0000000621000000, 0x0000000621200000, 0x0000000621200000|100%| E|CS|TAMS 0x0000000621000000, 0x0000000621000000| Complete 
| 230|0x0000000621200000, 0x0000000621400000, 0x0000000621400000|100%| E|CS|TAMS 0x0000000621200000, 0x0000000621200000| Complete 
| 231|0x0000000621400000, 0x0000000621600000, 0x0000000621600000|100%| E|CS|TAMS 0x0000000621400000, 0x0000000621400000| Complete 
| 232|0x0000000621600000, 0x0000000621800000, 0x0000000621800000|100%| E|CS|TAMS 0x0000000621600000, 0x0000000621600000| Complete 
| 233|0x0000000621800000, 0x0000000621a00000, 0x0000000621a00000|100%| E|CS|TAMS 0x0000000621800000, 0x0000000621800000| Complete 
| 234|0x0000000621a00000, 0x0000000621c00000, 0x0000000621c00000|100%| E|CS|TAMS 0x0000000621a00000, 0x0000000621a00000| Complete 
| 235|0x0000000621c00000, 0x0000000621e00000, 0x0000000621e00000|100%| E|CS|TAMS 0x0000000621c00000, 0x0000000621c00000| Complete 
| 236|0x0000000621e00000, 0x0000000622000000, 0x0000000622000000|100%| E|CS|TAMS 0x0000000621e00000, 0x0000000621e00000| Complete 
| 237|0x0000000622000000, 0x0000000622200000, 0x0000000622200000|100%| E|CS|TAMS 0x0000000622000000, 0x0000000622000000| Complete 
| 238|0x0000000622200000, 0x0000000622400000, 0x0000000622400000|100%| E|CS|TAMS 0x0000000622200000, 0x0000000622200000| Complete 
| 239|0x0000000622400000, 0x0000000622600000, 0x0000000622600000|100%| E|CS|TAMS 0x0000000622400000, 0x0000000622400000| Complete 
| 240|0x0000000622600000, 0x0000000622800000, 0x0000000622800000|100%| E|CS|TAMS 0x0000000622600000, 0x0000000622600000| Complete 
| 241|0x0000000622800000, 0x0000000622a00000, 0x0000000622a00000|100%| E|CS|TAMS 0x0000000622800000, 0x0000000622800000| Complete 
| 242|0x0000000622a00000, 0x0000000622c00000, 0x0000000622c00000|100%| E|CS|TAMS 0x0000000622a00000, 0x0000000622a00000| Complete 
| 243|0x0000000622c00000, 0x0000000622e00000, 0x0000000622e00000|100%| E|CS|TAMS 0x0000000622c00000, 0x0000000622c00000| Complete 
| 244|0x0000000622e00000, 0x0000000623000000, 0x0000000623000000|100%| E|CS|TAMS 0x0000000622e00000, 0x0000000622e00000| Complete 
| 245|0x0000000623000000, 0x0000000623200000, 0x0000000623200000|100%| E|CS|TAMS 0x0000000623000000, 0x0000000623000000| Complete 
| 246|0x0000000623200000, 0x0000000623400000, 0x0000000623400000|100%| E|CS|TAMS 0x0000000623200000, 0x0000000623200000| Complete 
| 247|0x0000000623400000, 0x0000000623600000, 0x0000000623600000|100%| E|CS|TAMS 0x0000000623400000, 0x0000000623400000| Complete 
| 248|0x0000000623600000, 0x0000000623800000, 0x0000000623800000|100%| E|CS|TAMS 0x0000000623600000, 0x0000000623600000| Complete 
| 249|0x0000000623800000, 0x0000000623a00000, 0x0000000623a00000|100%| E|CS|TAMS 0x0000000623800000, 0x0000000623800000| Complete 
| 250|0x0000000623a00000, 0x0000000623c00000, 0x0000000623c00000|100%| E|CS|TAMS 0x0000000623a00000, 0x0000000623a00000| Complete 
| 251|0x0000000623c00000, 0x0000000623e00000, 0x0000000623e00000|100%| E|CS|TAMS 0x0000000623c00000, 0x0000000623c00000| Complete 
| 252|0x0000000623e00000, 0x0000000624000000, 0x0000000624000000|100%| E|CS|TAMS 0x0000000623e00000, 0x0000000623e00000| Complete 
| 253|0x0000000624000000, 0x0000000624200000, 0x0000000624200000|100%| E|CS|TAMS 0x0000000624000000, 0x0000000624000000| Complete 

Card table byte_map: [0x000002146c1d0000,0x000002146d1b0000] _byte_map_base: 0x00000214691ad000

Marking Bits (Prev, Next): (CMBitMap*) 0x000002145364c7c8, (CMBitMap*) 0x000002145364c800
 Prev Bits: [0x000002146e190000, 0x0000021476078000)
 Next Bits: [0x0000021476080000, 0x000002147df68000)

Polling page: 0x0000021451080000

Metaspace:

Usage:
  Non-class:     43.59 MB capacity,    42.77 MB ( 98%) used,   683.15 KB (  2%) free+waste,   162.00 KB ( <1%) overhead. 
      Class:      5.88 MB capacity,     5.35 MB ( 91%) used,   471.98 KB (  8%) free+waste,    74.63 KB (  1%) overhead. 
       Both:     49.47 MB capacity,    48.11 MB ( 97%) used,     1.13 MB (  2%) free+waste,   236.63 KB ( <1%) overhead. 

Virtual space:
  Non-class space:       44.00 MB reserved,      43.67 MB (>99%) committed 
      Class space:        1.00 GB reserved,       6.00 MB ( <1%) committed 
             Both:        1.04 GB reserved,      49.67 MB (  5%) committed 

Chunk freelists:
   Non-Class:  2.38 KB
       Class:  0 bytes
        Both:  2.38 KB

CodeHeap 'non-profiled nmethods': size=119168Kb used=4307Kb max_used=4307Kb free=114860Kb
 bounds [0x0000021463610000, 0x0000021463a50000, 0x000002146aa70000]
CodeHeap 'profiled nmethods': size=119168Kb used=18416Kb max_used=18416Kb free=100751Kb
 bounds [0x000002145c1b0000, 0x000002145d3b0000, 0x0000021463610000]
CodeHeap 'non-nmethods': size=7424Kb used=1758Kb max_used=2918Kb free=5665Kb
 bounds [0x000002145ba70000, 0x000002145bdc0000, 0x000002145c1b0000]
 total_blobs=7961 nmethods=7436 adapters=435
 compilation: enabled
              stopped_count=0, restarted_count=0
 full_count=0

Compilation events (10 events):
Event: 16779.112 Thread 0x000002147fa98800 nmethod 7430 0x000002145d3a7a10 code [0x000002145d3a7ca0, 0x000002145d3a8e18]
Event: 16779.112 Thread 0x000002147fa98800 7436       3       java.lang.invoke.InvokerBytecodeGenerator::methodPrologue (29 bytes)
Event: 16779.112 Thread 0x000002147fa98800 nmethod 7436 0x000002145d3a9310 code [0x000002145d3a94e0, 0x000002145d3a9938]
Event: 16779.112 Thread 0x000002147fa98800 7437       3       java.lang.invoke.InvokerBytecodeGenerator::emitReturn (107 bytes)
Event: 16779.112 Thread 0x0000021404a86000 nmethod 7435 0x000002145d3a9b10 code [0x000002145d3a9d60, 0x000002145d3aa8f8]
Event: 16779.112 Thread 0x0000021404a86000 7438       3       java.lang.invoke.InvokerBytecodeGenerator::methodEpilogue (17 bytes)
Event: 16779.112 Thread 0x0000021404a86000 nmethod 7438 0x000002145d3aac90 code [0x000002145d3aae40, 0x000002145d3ab0f8]
Event: 16779.112 Thread 0x0000021404a86000 7439       3       java.lang.invoke.InvokerBytecodeGenerator::getConstantPoolSize (21 bytes)
Event: 16779.112 Thread 0x0000021404a86000 nmethod 7439 0x000002145d3ab210 code [0x000002145d3ab3c0, 0x000002145d3ab4f8]
Event: 16779.113 Thread 0x000002147fa98800 nmethod 7437 0x000002145d3ab610 code [0x000002145d3ab840, 0x000002145d3abe68]

GC Heap History (10 events):
Event: 2.285 GC heap before
{Heap before GC invocations=3 (full 0):
 garbage-first heap   total 520192K, used 65865K [0x0000000604600000, 0x0000000800000000)
  region size 2048K, 31 young (63488K), 4 survivors (8192K)
 Metaspace       used 25893K, capacity 26557K, committed 26672K, reserved 1073152K
  class space    used 2856K, capacity 3115K, committed 3200K, reserved 1048576K
}
Event: 2.289 GC heap after
{Heap after GC invocations=4 (full 0):
 garbage-first heap   total 520192K, used 12028K [0x0000000604600000, 0x0000000800000000)
  region size 2048K, 2 young (4096K), 2 survivors (4096K)
 Metaspace       used 25893K, capacity 26557K, committed 26672K, reserved 1073152K
  class space    used 2856K, capacity 3115K, committed 3200K, reserved 1048576K
}
Event: 3.093 GC heap before
{Heap before GC invocations=4 (full 0):
 garbage-first heap   total 520192K, used 87804K [0x0000000604600000, 0x0000000800000000)
  region size 2048K, 40 young (81920K), 2 survivors (4096K)
 Metaspace       used 33911K, capacity 34797K, committed 34992K, reserved 1079296K
  class space    used 3855K, capacity 4235K, committed 4352K, reserved 1048576K
}
Event: 3.097 GC heap after
{Heap after GC invocations=5 (full 0):
 garbage-first heap   total 520192K, used 15130K [0x0000000604600000, 0x0000000800000000)
  region size 2048K, 4 young (8192K), 4 survivors (8192K)
 Metaspace       used 33911K, capacity 34797K, committed 34992K, reserved 1079296K
  class space    used 3855K, capacity 4235K, committed 4352K, reserved 1048576K
}
Event: 3.185 GC heap before
{Heap before GC invocations=5 (full 0):
 garbage-first heap   total 520192K, used 27418K [0x0000000604600000, 0x0000000800000000)
  region size 2048K, 11 young (22528K), 4 survivors (8192K)
 Metaspace       used 34885K, capacity 35789K, committed 35920K, reserved 1081344K
  class space    used 3985K, capacity 4366K, committed 4480K, reserved 1048576K
}
Event: 3.190 GC heap after
{Heap after GC invocations=6 (full 0):
 garbage-first heap   total 520192K, used 16218K [0x0000000604600000, 0x0000000800000000)
  region size 2048K, 4 young (8192K), 4 survivors (8192K)
 Metaspace       used 34885K, capacity 35789K, committed 35920K, reserved 1081344K
  class space    used 3985K, capacity 4366K, committed 4480K, reserved 1048576K
}
Event: 803.709 GC heap before
{Heap before GC invocations=7 (full 0):
 garbage-first heap   total 520192K, used 122714K [0x0000000604600000, 0x0000000800000000)
  region size 2048K, 56 young (114688K), 4 survivors (8192K)
 Metaspace       used 46176K, capacity 47432K, committed 47536K, reserved 1091584K
  class space    used 5301K, capacity 5809K, committed 5888K, reserved 1048576K
}
Event: 803.716 GC heap after
{Heap after GC invocations=8 (full 0):
 garbage-first heap   total 520192K, used 20537K [0x0000000604600000, 0x0000000800000000)
  region size 2048K, 6 young (12288K), 6 survivors (12288K)
 Metaspace       used 46176K, capacity 47432K, committed 47536K, reserved 1091584K
  class space    used 5301K, capacity 5809K, committed 5888K, reserved 1048576K
}
Event: 14685.441 GC heap before
{Heap before GC invocations=8 (full 0):
 garbage-first heap   total 520192K, used 178233K [0x0000000604600000, 0x0000000800000000)
  region size 2048K, 83 young (169984K), 6 survivors (12288K)
 Metaspace       used 46941K, capacity 48235K, committed 48560K, reserved 1091584K
  class space    used 5306K, capacity 5815K, committed 5888K, reserved 1048576K
}
Event: 14685.453 GC heap after
{Heap after GC invocations=9 (full 0):
 garbage-first heap   total 520192K, used 22260K [0x0000000604600000, 0x0000000800000000)
  region size 2048K, 6 young (12288K), 6 survivors (12288K)
 Metaspace       used 46941K, capacity 48235K, committed 48560K, reserved 1091584K
  class space    used 5306K, capacity 5815K, committed 5888K, reserved 1048576K
}

Deoptimization events (10 events):
Event: 14685.453 Thread 0x000002147fc7c800 Uncommon trap: reason=speculate_class_check action=maybe_recompile pc=0x00000214638ffa94 method=jdk.internal.ref.PhantomCleanable.clean()V @ 12 c2
Event: 14685.453 Thread 0x000002147fc7c800 Uncommon trap: reason=speculate_class_check action=maybe_recompile pc=0x00000214638ffa94 method=jdk.internal.ref.PhantomCleanable.clean()V @ 12 c2
Event: 14685.454 Thread 0x000002147fc7c800 Uncommon trap: reason=speculate_class_check action=maybe_recompile pc=0x00000214638ffa94 method=jdk.internal.ref.PhantomCleanable.clean()V @ 12 c2
Event: 14685.454 Thread 0x000002147fc7c800 Uncommon trap: reason=speculate_class_check action=maybe_recompile pc=0x00000214638ffa94 method=jdk.internal.ref.PhantomCleanable.clean()V @ 12 c2
Event: 16749.788 Thread 0x000002140482b800 Uncommon trap: reason=unstable_if action=reinterpret pc=0x00000214638638d0 method=java.io.BufferedReader.readLine(Z)Ljava/lang/String; @ 160 c2
Event: 16749.788 Thread 0x000002140482b800 Uncommon trap: reason=unstable_if action=reinterpret pc=0x00000214639d482c method=java.io.BufferedReader.readLine(Z)Ljava/lang/String; @ 22 c2
Event: 16779.017 Thread 0x0000021404828000 Uncommon trap: reason=unstable_if action=reinterpret pc=0x00000214638cb3e0 method=org.json.JSONTokener.nextString(C)Ljava/lang/String; @ 69 c2
Event: 16779.063 Thread 0x0000021404828000 Uncommon trap: reason=unstable_if action=reinterpret pc=0x0000021463719168 method=java.lang.String.getChars(II[CI)V @ 23 c2
Event: 16779.088 Thread 0x0000021404828000 Uncommon trap: reason=loop_limit_check action=maybe_recompile pc=0x0000021463a3b4a4 method=org.jsoup.parser.CharacterReader.rangeEquals([CIILjava/lang/String;)Z @ 18 c2
Event: 16779.089 Thread 0x0000021404828000 Uncommon trap: reason=unstable_if action=reinterpret pc=0x00000214637080ac method=java.lang.String.equals(Ljava/lang/Object;)Z @ 27 c2

Classes redefined (0 events):
No events

Internal exceptions (10 events):
Event: 5380.385 Thread 0x00000214065f9000 Implicit null exception at 0x000002146391cf31 to 0x000002146391d19c
Event: 5381.373 Thread 0x00000214065f9000 Implicit null exception at 0x000002146391cf31 to 0x000002146391d19c
Event: 5382.389 Thread 0x00000214065f9000 Implicit null exception at 0x000002146391cf31 to 0x000002146391d19c
Event: 5383.381 Thread 0x00000214065f9000 Implicit null exception at 0x000002146391cf31 to 0x000002146391d19c
Event: 16749.045 Thread 0x000002140482b800 Exception <a 'java/lang/NoSuchMethodError'{0x00000006175187b0}: java.lang.invoke.DirectMethodHandle$Holder.invokeStatic(Ljava/lang/Object;Ljava/lang/Object;I)V> (0x00000006175187b0) thrown at [./open/src/hotspot/share/interpreter/linkResolver.cpp, line 77
Event: 16749.551 Thread 0x000002140482b800 Exception <a 'java/lang/NoSuchMethodError'{0x00000006166dfe40}: java.lang.invoke.DirectMethodHandle$Holder.invokeStatic(Ljava/lang/Object;J)V> (0x00000006166dfe40) thrown at [./open/src/hotspot/share/interpreter/linkResolver.cpp, line 772]
Event: 16749.551 Thread 0x000002140482b800 Exception <a 'java/lang/NoSuchMethodError'{0x00000006166e5290}: java.lang.invoke.DirectMethodHandle$Holder.invokeStatic(Ljava/lang/Object;J)Ljava/lang/Object;> (0x00000006166e5290) thrown at [./open/src/hotspot/share/interpreter/linkResolver.cpp, line 772
Event: 16749.552 Thread 0x000002140482b800 Exception <a 'java/lang/NoSuchMethodError'{0x00000006166f3628}: java.lang.invoke.DirectMethodHandle$Holder.invokeStaticInit(Ljava/lang/Object;Ljava/lang/Object;JLjava/lang/Object;)Ljava/lang/Object;> (0x00000006166f3628) thrown at [./open/src/hotspot/shar
Event: 16749.552 Thread 0x000002140482b800 Exception <a 'java/lang/NoSuchMethodError'{0x00000006166f9768}: java.lang.invoke.DirectMethodHandle$Holder.invokeStatic(Ljava/lang/Object;Ljava/lang/Object;J)Ljava/lang/Object;> (0x00000006166f9768) thrown at [./open/src/hotspot/share/interpreter/linkReso
Event: 16749.552 Thread 0x000002140482b800 Exception <a 'java/lang/NoSuchMethodError'{0x0000000616402da8}: java.lang.invoke.Invokers$Holder.linkToTargetMethod(Ljava/lang/Object;JLjava/lang/Object;)Ljava/lang/Object;> (0x0000000616402da8) thrown at [./open/src/hotspot/share/interpreter/linkResolver

Events (10 events):
Event: 16779.105 loading class com/utils/ListItemElement
Event: 16779.105 loading class com/utils/ListItemElement done
Event: 16779.108 Executing VM operation: RevokeBias
Event: 16779.109 Executing VM operation: RevokeBias done
Event: 16779.110 loading class java/lang/invoke/BoundMethodHandle$Species_LLLLLLLLLLLI
Event: 16779.110 loading class java/lang/invoke/BoundMethodHandle$Species_LLLLLLLLLLLI done
Event: 16779.111 loading class java/lang/invoke/BoundMethodHandle$Species_LLLLLLLLLLLII
Event: 16779.111 loading class java/lang/invoke/BoundMethodHandle$Species_LLLLLLLLLLLII done
Event: 16779.111 Executing VM operation: RevokeBias
Event: 16779.112 Executing VM operation: RevokeBias done


Dynamic libraries:
0x00007ff7273c0000 - 0x00007ff7273cf000 	C:\Program Files\Java\jdk-11.0.12\bin\java.exe
0x00007ff8dd610000 - 0x00007ff8dd808000 	C:\Windows\SYSTEM32\ntdll.dll
0x00007ff8dc9e0000 - 0x00007ff8dca9d000 	C:\Windows\System32\KERNEL32.dll
0x00007ff8da9c0000 - 0x00007ff8daadf000 	C:\Windows\system32\hmpalert.dll
0x00007ff8db240000 - 0x00007ff8db50e000 	C:\Windows\System32\KERNELBASE.dll
0x00007ff8db540000 - 0x00007ff8db640000 	C:\Windows\System32\ucrtbase.dll
0x00007ff8c0db0000 - 0x00007ff8c0dc5000 	C:\Program Files\Java\jdk-11.0.12\bin\VCRUNTIME140.dll
0x00007ff8c0d90000 - 0x00007ff8c0da8000 	C:\Program Files\Java\jdk-11.0.12\bin\jli.dll
0x00007ff8dce30000 - 0x00007ff8dcede000 	C:\Windows\System32\ADVAPI32.dll
0x00007ff8db6e0000 - 0x00007ff8db77e000 	C:\Windows\System32\msvcrt.dll
0x00007ff8db980000 - 0x00007ff8dba1c000 	C:\Windows\System32\sechost.dll
0x00007ff8dc710000 - 0x00007ff8dc835000 	C:\Windows\System32\RPCRT4.dll
0x00007ff8dc840000 - 0x00007ff8dc9e0000 	C:\Windows\System32\USER32.dll
0x00007ff8db640000 - 0x00007ff8db662000 	C:\Windows\System32\win32u.dll
0x00007ff8dc170000 - 0x00007ff8dc19a000 	C:\Windows\System32\GDI32.dll
0x00007ff8db0e0000 - 0x00007ff8db1eb000 	C:\Windows\System32\gdi32full.dll
0x00007ff8dada0000 - 0x00007ff8dae3d000 	C:\Windows\System32\msvcp_win.dll
0x00007ff8c1eb0000 - 0x00007ff8c214a000 	C:\Windows\WinSxS\amd64_microsoft.windows.common-controls_6595b64144ccf1df_6.0.19041.1110_none_60b5254171f9507e\COMCTL32.dll
0x00007ff8d3b90000 - 0x00007ff8d3b9a000 	C:\Windows\SYSTEM32\VERSION.dll
0x00007ff8dcc50000 - 0x00007ff8dcc80000 	C:\Windows\System32\IMM32.DLL
0x00007ff891e80000 - 0x00007ff891f1b000 	C:\Program Files\Java\jdk-11.0.12\bin\msvcp140.dll
0x00007ff874740000 - 0x00007ff87523f000 	C:\Program Files\Java\jdk-11.0.12\bin\server\jvm.dll
0x00007ff8dd300000 - 0x00007ff8dd308000 	C:\Windows\System32\PSAPI.DLL
0x00007ff8ae6d0000 - 0x00007ff8ae6d9000 	C:\Windows\SYSTEM32\WSOCK32.dll
0x00007ff8db670000 - 0x00007ff8db6db000 	C:\Windows\System32\WS2_32.dll
0x00007ff8c7210000 - 0x00007ff8c7237000 	C:\Windows\SYSTEM32\WINMM.dll
0x00007ff8d9340000 - 0x00007ff8d9352000 	C:\Windows\SYSTEM32\kernel.appcore.dll
0x00007ff8d7560000 - 0x00007ff8d7570000 	C:\Program Files\Java\jdk-11.0.12\bin\verify.dll
0x00007ff8d8fd0000 - 0x00007ff8d91b4000 	C:\Windows\SYSTEM32\DBGHELP.DLL
0x00007ff8c4570000 - 0x00007ff8c459c000 	C:\Windows\SYSTEM32\dbgcore.DLL
0x00007ff8db050000 - 0x00007ff8db0d2000 	C:\Windows\System32\bcryptPrimitives.dll
0x00007ff8ae740000 - 0x00007ff8ae768000 	C:\Program Files\Java\jdk-11.0.12\bin\java.dll
0x00007ff8d5130000 - 0x00007ff8d513a000 	C:\Program Files\Java\jdk-11.0.12\bin\jimage.dll
0x00007ff88f0d0000 - 0x00007ff88f0de000 	C:\Program Files\Java\jdk-11.0.12\bin\instrument.dll
0x00007ff8c0d70000 - 0x00007ff8c0d86000 	C:\Program Files\Java\jdk-11.0.12\bin\zip.dll
0x00007ff8dba20000 - 0x00007ff8dc163000 	C:\Windows\System32\SHELL32.dll
0x00007ff8d8710000 - 0x00007ff8d8ea5000 	C:\Windows\SYSTEM32\windows.storage.dll
0x00007ff8dcee0000 - 0x00007ff8dd234000 	C:\Windows\System32\combase.dll
0x00007ff8da590000 - 0x00007ff8da5c0000 	C:\Windows\SYSTEM32\Wldp.dll
0x00007ff8dcab0000 - 0x00007ff8dcb5d000 	C:\Windows\System32\SHCORE.dll
0x00007ff8dd570000 - 0x00007ff8dd5c5000 	C:\Windows\System32\shlwapi.dll
0x00007ff8dac70000 - 0x00007ff8dac8f000 	C:\Windows\SYSTEM32\profapi.dll
0x00007ff8c0d20000 - 0x00007ff8c0d39000 	C:\Program Files\Java\jdk-11.0.12\bin\net.dll
0x00007ff8d9c20000 - 0x00007ff8d9d2a000 	C:\Windows\SYSTEM32\WINHTTP.dll
0x00007ff8da370000 - 0x00007ff8da3da000 	C:\Windows\system32\mswsock.dll
0x00007ff8bdcc0000 - 0x00007ff8bdcd2000 	C:\Program Files\Java\jdk-11.0.12\bin\nio.dll
0x00007ff87f1c0000 - 0x00007ff87f1da000 	C:\Program Files\JetBrains\IntelliJ IDEA Community Edition 2021.2.3\bin\breakgen64.dll
0x00007ff89c800000 - 0x00007ff89c809000 	C:\Program Files\Java\jdk-11.0.12\bin\management.dll
0x00007ff89c7f0000 - 0x00007ff89c7fb000 	C:\Program Files\Java\jdk-11.0.12\bin\management_ext.dll
0x00007ff8a3350000 - 0x00007ff8a3367000 	C:\Windows\system32\napinsp.dll
0x00007ff8a3370000 - 0x00007ff8a338b000 	C:\Windows\system32\pnrpnsp.dll
0x00007ff8d5630000 - 0x00007ff8d5645000 	C:\Windows\system32\wshbth.dll
0x00007ff8d6f00000 - 0x00007ff8d6f1d000 	C:\Windows\system32\NLAapi.dll
0x00007ff8da030000 - 0x00007ff8da06b000 	C:\Windows\SYSTEM32\IPHLPAPI.DLL
0x00007ff8da080000 - 0x00007ff8da14a000 	C:\Windows\SYSTEM32\DNSAPI.dll
0x00007ff8dc1a0000 - 0x00007ff8dc1a8000 	C:\Windows\System32\NSI.dll
0x00007ff8a3430000 - 0x00007ff8a3442000 	C:\Windows\System32\winrnr.dll
0x00007ff8d3d50000 - 0x00007ff8d3d5a000 	C:\Windows\System32\rasadhlp.dll
0x00007ff8d5020000 - 0x00007ff8d50a0000 	C:\Windows\System32\fwpuclnt.dll
0x00007ff8db510000 - 0x00007ff8db537000 	C:\Windows\System32\bcrypt.dll
0x00007ff8da5d0000 - 0x00007ff8da5e8000 	C:\Windows\SYSTEM32\CRYPTSP.dll
0x00007ff8d9b90000 - 0x00007ff8d9bc4000 	C:\Windows\system32\rsaenh.dll
0x00007ff8dac30000 - 0x00007ff8dac5e000 	C:\Windows\SYSTEM32\USERENV.dll
0x00007ff8da500000 - 0x00007ff8da50c000 	C:\Windows\SYSTEM32\CRYPTBASE.dll
0x00007ff8d5150000 - 0x00007ff8d5167000 	C:\Windows\SYSTEM32\dhcpcsvc6.DLL
0x00007ff8d5100000 - 0x00007ff8d511d000 	C:\Windows\SYSTEM32\dhcpcsvc.DLL
0x00007ff87d6a0000 - 0x00007ff87d6c5000 	C:\Program Files\Java\jdk-11.0.12\bin\sunec.dll
0x00007ff883fa0000 - 0x00007ff883fad000 	C:\Program Files\Java\jdk-11.0.12\bin\sunmscapi.dll
0x00007ff8dae40000 - 0x00007ff8daf96000 	C:\Windows\System32\CRYPT32.dll
0x00007ff8da6e0000 - 0x00007ff8da707000 	C:\Windows\SYSTEM32\ncrypt.dll
0x00007ff8da6a0000 - 0x00007ff8da6db000 	C:\Windows\SYSTEM32\NTASN1.dll

dbghelp: loaded successfully - version: 4.0.5 - missing functions: none
symbol engine: initialized successfully - sym options: 0x614 - pdb path: .;C:\Program Files\Java\jdk-11.0.12\bin;C:\Windows\SYSTEM32;C:\Windows\WinSxS\amd64_microsoft.windows.common-controls_6595b64144ccf1df_6.0.19041.1110_none_60b5254171f9507e;C:\Program Files\Java\jdk-11.0.12\bin\server;C:\Program Files\JetBrains\IntelliJ IDEA Community Edition 2021.2.3\bin

VM Arguments:
jvm_args: -javaagent:C:\Program Files\JetBrains\IntelliJ IDEA Community Edition 2021.2.3\lib\idea_rt.jar=49258:C:\Program Files\JetBrains\IntelliJ IDEA Community Edition 2021.2.3\bin -Dfile.encoding=UTF-8 
java_command: com.testshmestservice.testshmestservice.TestshmestserviceApplication
java_class_path (initial): C:\Users\Maxim.Karpov\IdeaProjects\testshmestservice\target\classes;C:\Users\Maxim.Karpov\.m2\repository\org\springframework\boot\spring-boot-starter\2.7.1\spring-boot-starter-2.7.1.jar;C:\Users\Maxim.Karpov\.m2\repository\org\springframework\boot\spring-boot\2.7.1\spring-boot-2.7.1.jar;C:\Users\Maxim.Karpov\.m2\repository\org\springframework\spring-context\5.3.21\spring-context-5.3.21.jar;C:\Users\Maxim.Karpov\.m2\repository\org\springframework\boot\spring-boot-autoconfigure\2.7.1\spring-boot-autoconfigure-2.7.1.jar;C:\Users\Maxim.Karpov\.m2\repository\org\springframework\boot\spring-boot-starter-logging\2.7.1\spring-boot-starter-logging-2.7.1.jar;C:\Users\Maxim.Karpov\.m2\repository\ch\qos\logback\logback-classic\1.2.11\logback-classic-1.2.11.jar;C:\Users\Maxim.Karpov\.m2\repository\ch\qos\logback\logback-core\1.2.11\logback-core-1.2.11.jar;C:\Users\Maxim.Karpov\.m2\repository\org\apache\logging\log4j\log4j-to-slf4j\2.17.2\log4j-to-slf4j-2.17.2.jar;C:\Users\Maxim.Karpov\.m2\repository\org\slf4j\jul-to-slf4j\1.7.36\jul-to-slf4j-1.7.36.jar;C:\Users\Maxim.Karpov\.m2\repository\jakarta\annotation\jakarta.annotation-api\1.3.5\jakarta.annotation-api-1.3.5.jar;C:\Users\Maxim.Karpov\.m2\repository\org\springframework\spring-core\5.3.21\spring-core-5.3.21.jar;C:\Users\Maxim.Karpov\.m2\repository\org\springframework\spring-jcl\5.3.21\spring-jcl-5.3.21.jar;C:\Users\Maxim.Karpov\.m2\repository\org\yaml\snakeyaml\1.30\snakeyaml-1.30.jar;C:\Users\Maxim.Karpov\.m2\repository\net\bytebuddy\byte-buddy\1.12.11\byte-buddy-1.12.11.jar;C:\Users\Maxim.Karpov\.m2\repository\org\springframework\boot\spring-boot-starter-web\2.7.1\spring-boot-starter-web-2.7.1.jar;C:\Users\Maxim.Karpov\.m2\repository\org\springframework\boot\spring-boot-starter-json\2.7.1\spring-boot-starter-json-2.7.1.jar;C:\Users\Maxim.Karpov\.m2\repository\com\fasterxml\jackson\core\jackson-databind\2.13.3\jackson-databind-2.13.3.jar;C:\Users\Maxim.Karpov\.m2\repository\com\fasterxml\jackson
Launcher Type: SUN_STANDARD

[Global flags]
     intx CICompilerCount                          = 12                                        {product} {ergonomic}
     uint ConcGCThreads                            = 3                                         {product} {ergonomic}
     uint G1ConcRefinementThreads                  = 13                                        {product} {ergonomic}
   size_t G1HeapRegionSize                         = 2097152                                   {product} {ergonomic}
    uintx GCDrainStackTargetSize                   = 64                                        {product} {ergonomic}
   size_t InitialHeapSize                          = 532676608                                 {product} {ergonomic}
   size_t MarkStackSize                            = 4194304                                   {product} {ergonomic}
   size_t MaxHeapSize                              = 8516534272                                {product} {ergonomic}
   size_t MaxNewSize                               = 5108662272                                {product} {ergonomic}
   size_t MinHeapDeltaBytes                        = 2097152                                   {product} {ergonomic}
    uintx NonNMethodCodeHeapSize                   = 7594288                                {pd product} {ergonomic}
    uintx NonProfiledCodeHeapSize                  = 122031976                              {pd product} {ergonomic}
    uintx ProfiledCodeHeapSize                     = 122031976                              {pd product} {ergonomic}
    uintx ReservedCodeCacheSize                    = 251658240                              {pd product} {ergonomic}
     bool SegmentedCodeCache                       = true                                      {product} {ergonomic}
     bool UseCompressedClassPointers               = true                                 {lp64_product} {ergonomic}
     bool UseCompressedOops                        = true                                 {lp64_product} {ergonomic}
     bool UseG1GC                                  = true                                      {product} {ergonomic}
     bool UseLargePagesIndividualAllocation        = false                                  {pd product} {ergonomic}

Logging:
Log output configuration:
 #0: stdout all=warning uptime,level,tags
 #1: stderr all=off uptime,level,tags

Environment Variables:
JAVA_HOME=C:\Program Files\Java\jdk-11.0.12
PATH=C:\Program Files (x86)\ActiveState Komodo IDE 12\;C:\Program Files\Microsoft\jdk-11.0.12.7-hotspot\bin;C:\Program Files\Common Files\Oracle\Java\javapath;C:\Windows\system32;C:\Windows;C:\Windows\System32\Wbem;C:\Windows\System32\WindowsPowerShell\v1.0\;C:\Windows\System32\OpenSSH\;C:\Program Files\nodejs\;C:\Program Files\Git\cmd;C:\Program Files\Docker\Docker\resources\bin;C:\ProgramData\DockerDesktop\version-bin;C:\Program Files\Java\jdk-11.0.12\bin;C:\Users\Maxim.Karpov\apache-maven-3.8.3-bin\apache-maven-3.8.3\bin;C:\Program Files\Microsoft SQL Server\150\Tools\Binn\;C:\Program Files\Microsoft SQL Server\Client SDK\ODBC\170\Tools\Binn\;C:\Program Files\dotnet\;C:\Program Files\Amazon\AWSCLI\bin\;C:\Apps;C:\Users\Maxim.Karpov\AppData\Local\activestate\cache\bin;C:\Users\Maxim.Karpov\AppData\Local\ActiveState\StateTool\release\bin;C:\Program Files\MySQL\MySQL Shell 8.0\bin\;C:\Users\Maxim.Karpov\AppData\Local\Microsoft\WindowsApps;C:\Users\Maxim.Karpov\AppData\Roaming\npm;C:\Users\Maxim.Karpov\AppData\Local\Programs\Microsoft VS Code\bin;C:\Users\Maxim.Karpov\.dotnet\tools;C:\Program Files\JetBrains\IntelliJ IDEA 2022.1\bin;
USERNAME=Maxim.Karpov
OS=Windows_NT
PROCESSOR_IDENTIFIER=Intel64 Family 6 Model 141 Stepping 1, GenuineIntel



---------------  S Y S T E M  ---------------

OS: Windows 10 , 64 bit Build 19041 (10.0.19041.1889)
Hyper-V role detected

CPU:total 16 (initial active 16) (8 cores per cpu, 2 threads per core) family 6 model 141 stepping 1 microcode 0x3e, cmov, cx8, fxsr, mmx, sse, sse2, sse3, ssse3, sse4.1, sse4.2, popcnt, avx, avx2, aes, clmul, erms, 3dnowpref, lzcnt, ht, tsc, tscinvbit, bmi1, bmi2, adx, evex, sha, fma

Memory: 4k page, system-wide physical 32487M (15729M free)
TotalPageFile size 37351M (AvailPageFile size 10391M)
current process WorkingSet (physical memory assigned to process): 296M, peak: 296M
current process commit charge ("private bytes"): 716M, peak: 749M

vm_info: Java HotSpot(TM) 64-Bit Server VM (11.0.12+8-LTS-237) for windows-amd64 JRE (11.0.12+8-LTS-237), built on Jun  8 2021 11:25:59 by "mach5one" with MS VC++ 15.9 (VS2017)

END.
